
*** Running vivado
    with args -log layout_wrmModule_0_1.vds -m64 -product Vivado -mode batch -messageDb vivado.pb -notrace -source layout_wrmModule_0_1.tcl


****** Vivado v2022.1 (64-bit)
  **** SW Build 3526262 on Mon Apr 18 15:47:01 MDT 2022
  **** IP Build 3524634 on Mon Apr 18 20:55:01 MDT 2022
    ** Copyright 1986-2022 Xilinx, Inc. All Rights Reserved.

Sourcing tcl script '/opt/Xilinx/Vivado/2022.1/scripts/Vivado_init.tcl'
source layout_wrmModule_0_1.tcl -notrace
INFO: [IP_Flow 19-234] Refreshing IP repositories
INFO: [IP_Flow 19-1704] No user IP repositories specified
INFO: [IP_Flow 19-2313] Loaded Vivado IP repository '/opt/Xilinx/Vivado/2022.1/data/ip'.
Command: synth_design -top layout_wrmModule_0_1 -part xc7z020clg400-1 -incremental_mode off -mode out_of_context
Starting synth_design
Attempting to get a license for feature 'Synthesis' and/or device 'xc7z020'
INFO: [Common 17-349] Got license for feature 'Synthesis' and/or device 'xc7z020'
INFO: [Designutils 20-5008] Incremental synthesis strategy off
INFO: [Synth 8-7079] Multithreading enabled for synth_design using a maximum of 4 processes.
INFO: [Synth 8-7078] Launching helper process for spawning children vivado processes
INFO: [Synth 8-7075] Helper process launched with PID 143122
WARNING: [Synth 8-2644] root scope declaration is not allowed in verilog 95/2K mode [/home/elias/Desktop/Projects/simpleCPU/simpleCPU.srcs/sources_1/new/memory.v:3]
WARNING: [Synth 8-2644] root scope declaration is not allowed in verilog 95/2K mode [/home/elias/Desktop/Projects/simpleCPU/simpleCPU.srcs/sources_1/new/memory.v:4]
---------------------------------------------------------------------------------
Starting Synthesize : Time (s): cpu = 00:00:04 ; elapsed = 00:00:04 . Memory (MB): peak = 2608.426 ; gain = 0.000 ; free physical = 127 ; free virtual = 341
---------------------------------------------------------------------------------
INFO: [Synth 8-6157] synthesizing module 'layout_wrmModule_0_1' [/home/elias/Desktop/Projects/simpleCPU/simpleCPU.gen/sources_1/bd/layout/ip/layout_wrmModule_0_1/synth/layout_wrmModule_0_1.v:53]
INFO: [Synth 8-6157] synthesizing module 'wrmModule' [/home/elias/Desktop/Projects/simpleCPU/simpleCPU.srcs/sources_1/new/memory.v:29]
INFO: [Synth 8-6155] done synthesizing module 'wrmModule' (0#1) [/home/elias/Desktop/Projects/simpleCPU/simpleCPU.srcs/sources_1/new/memory.v:29]
INFO: [Synth 8-6155] done synthesizing module 'layout_wrmModule_0_1' (0#1) [/home/elias/Desktop/Projects/simpleCPU/simpleCPU.gen/sources_1/bd/layout/ip/layout_wrmModule_0_1/synth/layout_wrmModule_0_1.v:53]
---------------------------------------------------------------------------------
Finished Synthesize : Time (s): cpu = 00:00:05 ; elapsed = 00:00:06 . Memory (MB): peak = 2608.426 ; gain = 0.000 ; free physical = 1087 ; free virtual = 1463
---------------------------------------------------------------------------------
---------------------------------------------------------------------------------
Finished Constraint Validation : Time (s): cpu = 00:00:06 ; elapsed = 00:00:07 . Memory (MB): peak = 2608.426 ; gain = 0.000 ; free physical = 1079 ; free virtual = 1458
---------------------------------------------------------------------------------
---------------------------------------------------------------------------------
Start Loading Part and Timing Information
---------------------------------------------------------------------------------
Loading part: xc7z020clg400-1
---------------------------------------------------------------------------------
Finished Loading Part and Timing Information : Time (s): cpu = 00:00:06 ; elapsed = 00:00:07 . Memory (MB): peak = 2616.430 ; gain = 8.004 ; free physical = 1072 ; free virtual = 1456
---------------------------------------------------------------------------------
INFO: [Device 21-403] Loading part xc7z020clg400-1
---------------------------------------------------------------------------------
Finished RTL Optimization Phase 2 : Time (s): cpu = 00:00:06 ; elapsed = 00:00:07 . Memory (MB): peak = 2616.430 ; gain = 8.004 ; free physical = 1051 ; free virtual = 1448
---------------------------------------------------------------------------------
No constraint files found.
---------------------------------------------------------------------------------
Start RTL Component Statistics 
---------------------------------------------------------------------------------
Detailed RTL Component Info : 
+---Registers : 
	                8 Bit    Registers := 1     
+---RAMs : 
	              512 Bit	(64 X 8 bit)          RAMs := 1     
---------------------------------------------------------------------------------
Finished RTL Component Statistics 
---------------------------------------------------------------------------------
---------------------------------------------------------------------------------
Start Part Resource Summary
---------------------------------------------------------------------------------
Part Resources:
DSPs: 220 (col length:60)
BRAMs: 280 (col length: RAMB18 60 RAMB36 30)
---------------------------------------------------------------------------------
Finished Part Resource Summary
---------------------------------------------------------------------------------
No constraint files found.
---------------------------------------------------------------------------------
Start Cross Boundary and Area Optimization
---------------------------------------------------------------------------------
WARNING: [Synth 8-7080] Parallel synthesis criteria is not met
---------------------------------------------------------------------------------
Finished Cross Boundary and Area Optimization : Time (s): cpu = 00:00:12 ; elapsed = 00:00:14 . Memory (MB): peak = 2616.430 ; gain = 8.004 ; free physical = 632 ; free virtual = 1122
---------------------------------------------------------------------------------
---------------------------------------------------------------------------------
Start ROM, RAM, DSP, Shift Register and Retiming Reporting
---------------------------------------------------------------------------------

Distributed RAM: Preliminary Mapping Report (see note below)
+---------------------+--------------+-----------+----------------------+---------------+
|Module Name          | RTL Object   | Inference | Size (Depth x Width) | Primitives    | 
+---------------------+--------------+-----------+----------------------+---------------+
|layout_wrmModule_0_1 | inst/ROM_reg | Implied   | 64 x 8               | RAM64X1S x 8  | 
+---------------------+--------------+-----------+----------------------+---------------+

Note: The table above is a preliminary report that shows the Distributed RAMs at the current stage of the synthesis flow. Some Distributed RAMs may be reimplemented as non Distributed RAM primitives later in the synthesis flow. Multiple instantiated RAMs are reported only once.
---------------------------------------------------------------------------------
Finished ROM, RAM, DSP, Shift Register and Retiming Reporting
---------------------------------------------------------------------------------
No constraint files found.
---------------------------------------------------------------------------------
Start Timing Optimization
---------------------------------------------------------------------------------
---------------------------------------------------------------------------------
Finished Timing Optimization : Time (s): cpu = 00:00:12 ; elapsed = 00:00:14 . Memory (MB): peak = 2616.430 ; gain = 8.004 ; free physical = 627 ; free virtual = 1117
---------------------------------------------------------------------------------
---------------------------------------------------------------------------------
Start ROM, RAM, DSP, Shift Register and Retiming Reporting
---------------------------------------------------------------------------------

Distributed RAM: Final Mapping Report
+---------------------+--------------+-----------+----------------------+---------------+
|Module Name          | RTL Object   | Inference | Size (Depth x Width) | Primitives    | 
+---------------------+--------------+-----------+----------------------+---------------+
|layout_wrmModule_0_1 | inst/ROM_reg | Implied   | 64 x 8               | RAM64X1S x 8  | 
+---------------------+--------------+-----------+----------------------+---------------+

---------------------------------------------------------------------------------
Finished ROM, RAM, DSP, Shift Register and Retiming Reporting
---------------------------------------------------------------------------------
---------------------------------------------------------------------------------
Start Technology Mapping
---------------------------------------------------------------------------------
---------------------------------------------------------------------------------
Finished Technology Mapping : Time (s): cpu = 00:00:12 ; elapsed = 00:00:14 . Memory (MB): peak = 2616.430 ; gain = 8.004 ; free physical = 629 ; free virtual = 1119
---------------------------------------------------------------------------------
---------------------------------------------------------------------------------
Start IO Insertion
---------------------------------------------------------------------------------
---------------------------------------------------------------------------------
Start Flattening Before IO Insertion
---------------------------------------------------------------------------------
---------------------------------------------------------------------------------
Finished Flattening Before IO Insertion
---------------------------------------------------------------------------------
---------------------------------------------------------------------------------
Start Final Netlist Cleanup
---------------------------------------------------------------------------------
---------------------------------------------------------------------------------
Finished Final Netlist Cleanup
---------------------------------------------------------------------------------
---------------------------------------------------------------------------------
Finished IO Insertion : Time (s): cpu = 00:00:16 ; elapsed = 00:00:18 . Memory (MB): peak = 2616.430 ; gain = 8.004 ; free physical = 604 ; free virtual = 1117
---------------------------------------------------------------------------------
---------------------------------------------------------------------------------
Start Renaming Generated Instances
---------------------------------------------------------------------------------
---------------------------------------------------------------------------------
Finished Renaming Generated Instances : Time (s): cpu = 00:00:16 ; elapsed = 00:00:18 . Memory (MB): peak = 2616.430 ; gain = 8.004 ; free physical = 603 ; free virtual = 1116
---------------------------------------------------------------------------------
---------------------------------------------------------------------------------
Start Rebuilding User Hierarchy
---------------------------------------------------------------------------------
---------------------------------------------------------------------------------
Finished Rebuilding User Hierarchy : Time (s): cpu = 00:00:16 ; elapsed = 00:00:18 . Memory (MB): peak = 2616.430 ; gain = 8.004 ; free physical = 603 ; free virtual = 1116
---------------------------------------------------------------------------------
---------------------------------------------------------------------------------
Start Renaming Generated Ports
---------------------------------------------------------------------------------
---------------------------------------------------------------------------------
Finished Renaming Generated Ports : Time (s): cpu = 00:00:16 ; elapsed = 00:00:18 . Memory (MB): peak = 2616.430 ; gain = 8.004 ; free physical = 603 ; free virtual = 1116
---------------------------------------------------------------------------------
---------------------------------------------------------------------------------
Start Handling Custom Attributes
---------------------------------------------------------------------------------
---------------------------------------------------------------------------------
Finished Handling Custom Attributes : Time (s): cpu = 00:00:16 ; elapsed = 00:00:18 . Memory (MB): peak = 2616.430 ; gain = 8.004 ; free physical = 603 ; free virtual = 1116
---------------------------------------------------------------------------------
---------------------------------------------------------------------------------
Start Renaming Generated Nets
---------------------------------------------------------------------------------
---------------------------------------------------------------------------------
Finished Renaming Generated Nets : Time (s): cpu = 00:00:16 ; elapsed = 00:00:18 . Memory (MB): peak = 2616.430 ; gain = 8.004 ; free physical = 603 ; free virtual = 1116
---------------------------------------------------------------------------------
---------------------------------------------------------------------------------
Start Writing Synthesis Report
---------------------------------------------------------------------------------

Report BlackBoxes: 
+-+--------------+----------+
| |BlackBox name |Instances |
+-+--------------+----------+
+-+--------------+----------+

Report Cell Usage: 
+------+---------+------+
|      |Cell     |Count |
+------+---------+------+
|1     |LUT1     |     1|
|2     |RAM64X1S |     8|
|3     |FDRE     |     8|
+------+---------+------+

Report Instance Areas: 
+------+---------+----------+------+
|      |Instance |Module    |Cells |
+------+---------+----------+------+
|1     |top      |          |    17|
|2     |  inst   |wrmModule |    17|
+------+---------+----------+------+
---------------------------------------------------------------------------------
Finished Writing Synthesis Report : Time (s): cpu = 00:00:16 ; elapsed = 00:00:18 . Memory (MB): peak = 2616.430 ; gain = 8.004 ; free physical = 603 ; free virtual = 1116
---------------------------------------------------------------------------------
Synthesis finished with 0 errors, 0 critical warnings and 3 warnings.
Synthesis Optimization Runtime : Time (s): cpu = 00:00:16 ; elapsed = 00:00:18 . Memory (MB): peak = 2616.430 ; gain = 8.004 ; free physical = 604 ; free virtual = 1118
Synthesis Optimization Complete : Time (s): cpu = 00:00:16 ; elapsed = 00:00:18 . Memory (MB): peak = 2616.438 ; gain = 8.004 ; free physical = 604 ; free virtual = 1121
INFO: [Project 1-571] Translating synthesized netlist
Netlist sorting complete. Time (s): cpu = 00:00:00.01 ; elapsed = 00:00:00 . Memory (MB): peak = 2616.438 ; gain = 0.000 ; free physical = 530 ; free virtual = 1114
INFO: [Netlist 29-17] Analyzing 8 Unisim elements for replacement
INFO: [Netlist 29-28] Unisim Transformation completed in 0 CPU seconds
INFO: [Project 1-570] Preparing netlist for logic optimization
INFO: [Opt 31-138] Pushed 0 inverter(s) to 0 load pin(s).
Netlist sorting complete. Time (s): cpu = 00:00:00 ; elapsed = 00:00:00 . Memory (MB): peak = 2616.438 ; gain = 0.000 ; free physical = 494 ; free virtual = 1116
INFO: [Project 1-111] Unisim Transformation Summary:
  A total of 8 instances were transformed.
  RAM64X1S => RAM64X1S (RAMS64E): 8 instances

Synth Design complete, checksum: f1d897db
INFO: [Common 17-83] Releasing license: Synthesis
20 Infos, 3 Warnings, 0 Critical Warnings and 0 Errors encountered.
synth_design completed successfully
synth_design: Time (s): cpu = 00:00:24 ; elapsed = 00:00:21 . Memory (MB): peak = 2616.438 ; gain = 8.012 ; free physical = 708 ; free virtual = 1331
INFO: [Timing 38-35] Done setting XDC timing constraints.
INFO: [Common 17-1381] The checkpoint '/home/elias/Desktop/Projects/simpleCPU/simpleCPU.runs/layout_wrmModule_0_1_synth_1/layout_wrmModule_0_1.dcp' has been generated.
write_checkpoint: Time (s): cpu = 00:00:07 ; elapsed = 00:00:07 . Memory (MB): peak = 2744.492 ; gain = 128.055 ; free physical = 278 ; free virtual = 932
INFO: [Coretcl 2-1648] Added synthesis output to IP cache for IP layout_wrmModule_0_1, cache-ID = 84111deb8d927d85
INFO: [Common 17-1381] The checkpoint '/home/elias/Desktop/Projects/simpleCPU/simpleCPU.runs/layout_wrmModule_0_1_synth_1/layout_wrmModule_0_1.dcp' has been generated.
INFO: [runtcl-4] Executing : report_utilization -file layout_wrmModule_0_1_utilization_synth.rpt -pb layout_wrmModule_0_1_utilization_synth.pb
INFO: [Common 17-206] Exiting Vivado at Sat Sep 17 15:23:39 2022...
